Yahoo Finance health check failed: Error [MarketDataError]: Failed after retries
    at YahooFinanceProvider.fetchWithRetry (src/lib/market-data/providers/YahooFinanceProvider.ts:377:11)
    at async YahooFinanceProvider.getCurrentPrice (src/libMarketDataService initialized with 1 providers
 GET /api/market-data/screener 200 in 8360ms
MarketDataService initialized with 1 providers
 GET /api/market-data/screener 200 in 7759ms
MarketDataService initialized with 1 providers
 GET /api/market-data/screener 200 in 7692ms
MarketDataService initialized with 1 providers
 GET /api/market-data/screener 200 in 7531ms
MarketDataService initialized with 1 providers
 GET /api/market-data/screener 200 in 7565ms
:67:5)
    at async GET (src/app/api/market-data/screener/route.ts:41:5)
  375 |     }
  376 |     
> 377 |     throw new MarketDataError(
      |           ^
  378 |       'Failed after retries',
  379 |       MarketDataErrorCode.NETWORK_ERROR,
  380 |       this.name, {
  code: 'NETWORK_ERROR',
  provider: 'Yahoo Finance',
  details: Error: HTTP 500: Cannot find server.
      at YahooFinanceProvider.fetchWithRetry (src/lib/market-data/providers/YahooFinanceProvider.ts:353:17)
      at async YahooFinanceProvider.getCurrentPrice (src/lib/market-data/providers/YahooFinanceProvider.ts:121:24)
      at async YahooFinanceProvider.performHealthCheck (src/lib/market-data/providers/YahooFinanceProvider.ts:409:7)
      at async YahooFinanceProvider.initialize (src/lib/market-data/providers/YahooFinanceProvider.ts:101:5)
      at async MarketDataService.initializeProviders (src/lib/market-data/MarketDataService.ts:312:5)
      at async MarketDataService.initialize (src/lib/market-data/MarketDataService.ts:67:5)
      at async GET (src/app/api/market-data/screener/route.ts:41:5)
    351 |         
    352 |         if (!response.ok) {
  > 353 |           throw new Error(`HTTP ${response.status}: ${response.statusText}`);
        |                 ^
    354 |         }
    355 |         
    356 |         const data = await response.json();
}
Failed to fetch bulk prices for chunk: AAPL,MSFT,GOOGL,AMZN,META,NVDA,TSLA,JPM,BAC,WFC,GS,MS,BRK-B,V,MA,JNJ,UNH,PFE,ABBV,TMO,MRK,LLY,XOM,CVX,COP,SLB,EOG,WMT,HD,PG,KO,PEP,NKE,MCD,SBUX,BA,CAT,GE,MMM,UPS,HON,AMD,INTC,QCOM,MU,AVGO,TXN,AMAT,LRCX,CRM,ADBE,ORCL,NOW,INTU,UBER,SQ,SHOP,DIS,NFLX,ROKU,SPOT,PYPL,COIN,PLTR,SOFI,RIVN,LCID Error [MarketDataError]: Failed after retries
    at YahooFinanceProvider.fetchWithRetry (src/lib/market-data/providers/YahooFinanceProvider.ts:377:11)
    at async YahooFinanceProvider.getBulkPrices (src/lib/market-data/providers/YahooFinanceProvider.ts:169:26)
    at async MarketDataService.fetchWithFallback (src/lib/market-data/MarketDataService.ts:336:16)
    at async MarketDataService.getBulkPrices (src/lib/market-data/MarketDataService.ts:149:27)
    at async GET (src/app/api/market-data/screener/route.ts:44:23)
  375 |     }
  376 |     
> 377 |     throw new MarketDataError(
      |           ^
  378 |       'Failed after retries',
  379 |       MarketDataErrorCode.NETWORK_ERROR,
  380 |       this.name, {
  code: 'NETWORK_ERROR',
  provider: 'Yahoo Finance',
  details: Error: HTTP 500: Cannot find server.
      at YahooFinanceProvider.fetchWithRetry (src/lib/market-data/providers/YahooFinanceProvider.ts:353:17)
      at async YahooFinanceProvider.getBulkPrices (src/lib/market-data/providers/YahooFinanceProvider.ts:169:26)
      at async MarketDataService.fetchWithFallback (src/lib/market-data/MarketDataService.ts:336:16)
      at async MarketDataService.getBulkPrices (src/lib/market-data/MarketDataService.ts:149:27)
      at async GET (src/app/api/market-data/screener/route.ts:44:23)
    351 |         
    352 |         if (!response.ok) {
  > 353 |           throw new Error(`HTTP ${response.status}: ${response.statusText}`);
        |                 ^
    354 |         }
    355 |         
    356 |         const data = await response.json();
}
Yahoo Finance health check failed: Error [MarketDataError]: Failed after retries
    at YahooFinanceProvider.fetchWithRetry (src/lib/market-data/providers/YahooFinanceProvider.ts:377:11)
    at async YahooFinanceProvider.getCurrentPrice (src/lib/market-data/providers/YahooFinanceProvider.ts:121:24)
    at async YahooFinanceProvider.performHealthCheck (src/lib/market-data/providers/YahooFinanceProvider.ts:409:7)
    at async YahooFinanceProvider.initialize (src/lib/market-data/providers/YahooFinanceProvider.ts:101:5)
    at async MarketDataService.initializeProviders (src/lib/market-data/MarketDataService.ts:312:5)
    at async MarketDataService.initialize (src/lib/market-data/MarketDataService.ts:67:5)
    at async GET (src/app/api/market-data/screener/route.ts:41:5)
  375 |     }
  376 |     
> 377 |     throw new MarketDataError(
      |           ^
  378 |       'Failed after retries',
  379 |       MarketDataErrorCode.NETWORK_ERROR,
  380 |       this.name, {
  code: 'NETWORK_ERROR',
  provider: 'Yahoo Finance',
  details: Error: HTTP 500: Cannot find server.
      at YahooFinanceProvider.fetchWithRetry (src/lib/market-data/providers/YahooFinanceProvider.ts:353:17)
      at async YahooFinanceProvider.getCurrentPrice (src/lib/market-data/providers/YahooFinanceProvider.ts:121:24)
      at async YahooFinanceProvider.performHealthCheck (src/lib/market-data/providers/YahooFinanceProvider.ts:409:7)
      at async YahooFinanceProvider.initialize (src/lib/market-data/providers/YahooFinanceProvider.ts:101:5)
      at async MarketDataService.initializeProviders (src/lib/market-data/MarketDataService.ts:312:5)
      at async MarketDataService.initialize (src/lib/market-data/MarketDataService.ts:67:5)
      at async GET (src/app/api/market-data/screener/route.ts:41:5)
    351 |         
    352 |         if (!response.ok) {
  > 353 |           throw new Error(`HTTP ${response.status}: ${response.statusText}`);
        |                 ^
    354 |         }
    355 |         
    356 |         const data = await response.json();
}
Yahoo Finance health check failed: Error [MarketDataError]: Failed after retries
    at YahooFinanceProvider.fetchWithRetry (src/lib/market-data/providers/YahooFinanceProvider.ts:377:11)
    at async YahooFinanceProvider.getCurrentPrice (src/lib/market-data/providers/YahooFinanceProvider.ts:121:24)
    at async YahooFinanceProvider.performHealthCheck (src/lib/market-data/providers/YahooFinanceProvider.ts:409:7)
  375 |     }
  376 |     
> 377 |     throw new MarketDataError(
      |           ^
  378 |       'Failed after retries',
  379 |       MarketDataErrorCode.NETWORK_ERROR,
  380 |       this.name, {
  code: 'NETWORK_ERROR',
  provider: 'Yahoo Finance',
  details: Error: HTTP 500: Cannot find server.
      at YahooFinanceProvider.fetchWithRetry (src/lib/market-data/providers/YahooFinanceProvider.ts:353:17)
      at async YahooFinanceProvider.getCurrentPrice (src/lib/market-data/providers/YahooFinanceProvider.ts:121:24)
      at async YahooFinanceProvider.performHealthCheck (src/lib/market-data/providers/YahooFinanceProvider.ts:409:7)
    351 |         
    352 |         if (!response.ok) {
  > 353 |           throw new Error(`HTTP ${response.status}: ${response.statusText}`);
        |                 ^
    354 |         }
    355 |         
    356 |         const data = await response.json();
}
Failed to fetch bulk prices for chunk: AAPL,MSFT,GOOGL,AMZN,META,NVDA,TSLA,JPM,BAC,WFC,GS,MS,BRK-B,V,MA,JNJ,UNH,PFE,ABBV,TMO,MRK,LLY,XOM,CVX,COP,SLB,EOG,WMT,HD,PG,KO,PEP,NKE,MCD,SBUX,BA,CAT,GE,MMM,UPS,HON,AMD,INTC,QCOM,MU,AVGO,TXN,AMAT,LRCX,CRM,ADBE,ORCL,NOW,INTU,UBER,SQ,SHOP,DIS,NFLX,ROKU,SPOT,PYPL,COIN,PLTR,SOFI,RIVN,LCID Error [MarketDataError]: Failed after retries
    at YahooFinanceProvider.fetchWithRetry (src/lib/market-data/providers/YahooFinanceProvider.ts:377:11)
    at async YahooFinanceProvider.getBulkPrices (src/lib/market-data/providers/YahooFinanceProvider.ts:169:26)
    at async MarketDataService.fetchWithFallback (src/lib/market-data/MarketDataService.ts:336:16)
    at async MarketDataService.getBulkPrices (src/lib/market-data/MarketDataService.ts:149:27)
    at async GET (src/app/api/market-data/screener/route.ts:44:23)
  375 |     }
  376 |     
> 377 |     throw new MarketDataError(
      |           ^
  378 |       'Failed after retries',
  379 |       MarketDataErrorCode.NETWORK_ERROR,
  380 |       this.name, {
  code: 'NETWORK_ERROR',
  provider: 'Yahoo Finance',
  details: Error: HTTP 500: Cannot find server.
      at YahooFinanceProvider.fetchWithRetry (src/lib/market-data/providers/YahooFinanceProvider.ts:353:17)
      at async YahooFinanceProvider.getBulkPrices (src/lib/market-data/providers/YahooFinanceProvider.ts:169:26)
      at async MarketDataService.fetchWithFallback (src/lib/market-data/MarketDataService.ts:336:16)
      at async MarketDataService.getBulkPrices (src/lib/market-data/MarketDataService.ts:149:27)
      at async GET (src/app/api/market-data/screener/route.ts:44:23)
    351 |         
    352 |         if (!response.ok) {
  > 353 |           throw new Error(`HTTP ${response.status}: ${response.statusText}`);
        |                 ^
    354 |         }
    355 |         
    356 |         const data = await response.json();
}
Yahoo Finance health check failed: Error [MarketDataError]: Failed after retries
    at YahooFinanceProvider.fetchWithRetry (src/lib/market-data/providers/YahooFinanceProvider.ts:377:11)
    at async YahooFinanceProvider.getCurrentPrice (src/lib/market-data/providers/YahooFinanceProvider.ts:121:24)
    at async YahooFinanceProvider.performHealthCheck (src/lib/market-data/providers/YahooFinanceProvider.ts:409:7)
    at async YahooFinanceProvider.initialize (src/lib/market-data/providers/YahooFinanceProvider.ts:101:5)
    at async MarketDataService.initializeProviders (src/lib/market-data/MarketDataService.ts:312:5)
    at async MarketDataService.initialize (src/lib/market-data/MarketDataService.ts:67:5)
    at async GET (src/app/api/market-data/screener/route.ts:41:5)
  375 |     }
  376 |     
> 377 |     throw new MarketDataError(
      |           ^
  378 |       'Failed after retries',
  379 |       MarketDataErrorCode.NETWORK_ERROR,
  380 |       this.name, {
  code: 'NETWORK_ERROR',
  provider: 'Yahoo Finance',
  details: Error: HTTP 500: Cannot find server.
      at YahooFinanceProvider.fetchWithRetry (src/lib/market-data/providers/YahooFinanceProvider.ts:353:17)
      at async YahooFinanceProvider.getCurrentPrice (src/lib/market-data/providers/YahooFinanceProvider.ts:121:24)
      at async YahooFinanceProvider.performHealthCheck (src/lib/market-data/providers/YahooFinanceProvider.ts:409:7)
      at async YahooFinanceProvider.initialize (src/lib/market-data/providers/YahooFinanceProvider.ts:101:5)
      at async MarketDataService.initializeProviders (src/lib/market-data/MarketDataService.ts:312:5)
      at async MarketDataService.initialize (src/lib/market-data/MarketDataService.ts:67:5)
      at async GET (src/app/api/market-data/screener/route.ts:41:5)
    351 |         
    352 |         if (!response.ok) {
  > 353 |           throw new Error(`HTTP ${response.status}: ${response.statusText}`);
        |                 ^
    354 |         }
    355 |         
    356 |         const data = await response.json();
}
Yahoo Finance health check failed: Error [MarketDataError]: Failed after retries
    at YahooFinanceProvider.fetchWithRetry (src/lib/market-data/providers/YahooFinanceProvider.ts:377:11)
    at async YahooFinanceProvider.getCurrentPrice (src/lib/market-data/providers/YahooFinanceProvider.ts:121:24)
    at async YahooFinanceProvider.performHealthCheck (src/lib/market-data/providers/YahooFinanceProvider.ts:409:7)
  375 |     }
  376 |     
> 377 |     throw new MarketDataError(
      |           ^
  378 |       'Failed after retries',
  379 |       MarketDataErrorCode.NETWORK_ERROR,
  380 |       this.name, {
  code: 'NETWORK_ERROR',
  provider: 'Yahoo Finance',
  details: Error: HTTP 500: Cannot find server.
      at YahooFinanceProvider.fetchWithRetry (src/lib/market-data/providers/YahooFinanceProvider.ts:353:17)
      at async YahooFinanceProvider.getCurrentPrice (src/lib/market-data/providers/YahooFinanceProvider.ts:121:24)
      at async YahooFinanceProvider.performHealthCheck (src/lib/market-data/providers/YahooFinanceProvider.ts:409:7)
    351 |         
    352 |         if (!response.ok) {
  > 353 |           throw new Error(`HTTP ${response.status}: ${response.statusText}`);
        |                 ^
    354 |         }
    355 |         
    356 |         const data = await response.json();
}
Yahoo Finance health check failed: Error [MarketDataError]: Failed after retries
    at YahooFinanceProvider.fetchWithRetry (src/lib/market-data/providers/YahooFinanceProvider.ts:377:11)
    at async YahooFinanceProvider.getCurrentPrice (src/lib/market-data/providers/YahooFinanceProvider.ts:121:24)
    at async YahooFinanceProvider.performHealthCheck (src/lib/market-data/providers/YahooFinanceProvider.ts:409:7)
  375 |     }
  376 |     
> 377 |     throw new MarketDataError(
      |           ^
  378 |       'Failed after retries',
  379 |       MarketDataErrorCode.NETWORK_ERROR,
  380 |       this.name, {
  code: 'NETWORK_ERROR',
  provider: 'Yahoo Finance',
  details: Error: HTTP 500: Cannot find server.
      at YahooFinanceProvider.fetchWithRetry (src/lib/market-data/providers/YahooFinanceProvider.ts:353:17)
      at async YahooFinanceProvider.getCurrentPrice (src/lib/market-data/providers/YahooFinanceProvider.ts:121:24)
      at async YahooFinanceProvider.performHealthCheck (src/lib/market-data/providers/YahooFinanceProvider.ts:409:7)
    351 |         
    352 |         if (!response.ok) {
  > 353 |           throw new Error(`HTTP ${response.status}: ${response.statusText}`);
        |                 ^
    354 |         }
    355 |         
    356 |         const data = await response.json();
}
Failed to fetch bulk prices for chunk: AAPL,MSFT,GOOGL,AMZN,META,NVDA,TSLA,JPM,BAC,WFC,GS,MS,BRK-B,V,MA,JNJ,UNH,PFE,ABBV,TMO,MRK,LLY,XOM,CVX,COP,SLB,EOG,WMT,HD,PG,KO,PEP,NKE,MCD,SBUX,BA,CAT,GE,MMM,UPS,HON,AMD,INTC,QCOM,MU,AVGO,TXN,AMAT,LRCX,CRM,ADBE,ORCL,NOW,INTU,UBER,SQ,SHOP,DIS,NFLX,ROKU,SPOT,PYPL,COIN,PLTR,SOFI,RIVN,LCID Error [MarketDataError]: Failed after retries
    at YahooFinanceProvider.fetchWithRetry (src/lib/market-data/providers/YahooFinanceProvider.ts:377:11)
    at async YahooFinanceProvider.getBulkPrices (src/lib/market-data/providers/YahooFinanceProvider.ts:169:26)
    at async MarketDataService.fetchWithFallback (src/lib/market-data/MarketDataService.ts:336:16)
    at async MarketDataService.getBulkPrices (src/lib/market-data/MarketDataService.ts:149:27)
    at async GET (src/app/api/market-data/screener/route.ts:44:23)
  375 |     }
  376 |     
> 377 |     throw new MarketDataError(
      |           ^
  378 |       'Failed after retries',
  379 |       MarketDataErrorCode.NETWORK_ERROR,
  380 |       this.name, {
  code: 'NETWORK_ERROR',
  provider: 'Yahoo Finance',
  details: Error: HTTP 500: Cannot find server.
      at YahooFinanceProvider.fetchWithRetry (src/lib/market-data/providers/YahooFinanceProvider.ts:353:17)
      at async YahooFinanceProvider.getBulkPrices (src/lib/market-data/providers/YahooFinanceProvider.ts:169:26)
      at async MarketDataService.fetchWithFallback (src/lib/market-data/MarketDataService.ts:336:16)
      at async MarketDataService.getBulkPrices (src/lib/market-data/MarketDataService.ts:149:27)
      at async GET (src/app/api/market-data/screener/route.ts:44:23)
    351 |         
    352 |         if (!response.ok) {
  > 353 |           throw new Error(`HTTP ${response.status}: ${response.statusText}`);
        |                 ^
    354 |         }
    355 |         
    356 |         const data = await response.json();
}
Yahoo Finance health check failed: Error [MarketDataError]: Failed after retries
    at YahooFinanceProvider.fetchWithRetry (src/lib/market-data/providers/YahooFinanceProvider.ts:377:11)
    at async YahooFinanceProvider.getCurrentPrice (src/lib/market-data/providers/YahooFinanceProvider.ts:121:24)
    at async YahooFinanceProvider.performHealthCheck (src/lib/market-data/providers/YahooFinanceProvider.ts:409:7)
    at async YahooFinanceProvider.initialize (src/lib/market-data/providers/YahooFinanceProvider.ts:101:5)
    at async MarketDataService.initializeProviders (src/lib/market-data/MarketDataService.ts:312:5)
    at async MarketDataService.initialize (src/lib/market-data/MarketDataService.ts:67:5)
    at async GET (src/app/api/market-data/screener/route.ts:41:5)
  375 |     }
  376 |     
> 377 |     throw new MarketDataError(
      |           ^
  378 |       'Failed after retries',
  379 |       MarketDataErrorCode.NETWORK_ERROR,
  380 |       this.name, {
  code: 'NETWORK_ERROR',
  provider: 'Yahoo Finance',
  details: Error: HTTP 500: Cannot find server.
      at YahooFinanceProvider.fetchWithRetry (src/lib/market-data/providers/YahooFinanceProvider.ts:353:17)
      at async YahooFinanceProvider.getCurrentPrice (src/lib/market-data/providers/YahooFinanceProvider.ts:121:24)
      at async YahooFinanceProvider.performHealthCheck (src/lib/market-data/providers/YahooFinanceProvider.ts:409:7)
      at async YahooFinanceProvider.initialize (src/lib/market-data/providers/YahooFinanceProvider.ts:101:5)
      at async MarketDataService.initializeProviders (src/lib/market-data/MarketDataService.ts:312:5)
      at async MarketDataService.initialize (src/lib/market-data/MarketDataService.ts:67:5)
      at async GET (src/app/api/market-data/screener/route.ts:41:5)
    351 |         
    352 |         if (!response.ok) {
  > 353 |           throw new Error(`HTTP ${response.status}: ${response.statusText}`);
        |                 ^
    354 |         }
    355 |         
    356 |         const data = await response.json();
}
Yahoo Finance health check failed: Error [MarketDataError]: Failed after retries
    at YahooFinanceProvider.fetchWithRetry (src/lib/market-data/providers/YahooFinanceProvider.ts:377:11)
    at async YahooFinanceProvider.getCurrentPrice (src/lib/market-data/providers/YahooFinanceProvider.ts:121:24)
    at async YahooFinanceProvider.performHealthCheck (src/lib/market-data/providers/YahooFinanceProvider.ts:409:7)
  375 |     }
  376 |     
> 377 |     throw new MarketDataError(
      |           ^
  378 |       'Failed after retries',
  379 |       MarketDataErrorCode.NETWORK_ERROR,
  380 |       this.name, {
  code: 'NETWORK_ERROR',
  provider: 'Yahoo Finance',
  details: Error: HTTP 500: Cannot find server.
      at YahooFinanceProvider.fetchWithRetry (src/lib/market-data/providers/YahooFinanceProvider.ts:353:17)
      at async YahooFinanceProvider.getCurrentPrice (src/lib/market-data/providers/YahooFinanceProvider.ts:121:24)
      at async YahooFinanceProvider.performHealthCheck (src/lib/market-data/providers/YahooFinanceProvider.ts:409:7)
    351 |         
    352 |         if (!response.ok) {
  > 353 |           throw new Error(`HTTP ${response.status}: ${response.statusText}`);
        |                 ^
    354 |         }
    355 |         
    356 |         const data = await response.json();
}
Yahoo Finance health check failed: Error [MarketDataError]: Failed after retries
    at YahooFinanceProvider.fetchWithRetry (src/lib/market-data/providers/YahooFinanceProvider.ts:377:11)
    at async YahooFinanceProvider.getCurrentPrice (src/lib/market-data/providers/YahooFinanceProvider.ts:121:24)
    at async YahooFinanceProvider.performHealthCheck (src/lib/market-data/providers/YahooFinanceProvider.ts:409:7)
  375 |     }
  376 |     
> 377 |     throw new MarketDataError(
      |           ^
  378 |       'Failed after retries',
  379 |       MarketDataErrorCode.NETWORK_ERROR,
  380 |       this.name, {
  code: 'NETWORK_ERROR',
  provider: 'Yahoo Finance',
  details: Error: HTTP 500: Cannot find server.
      at YahooFinanceProvider.fetchWithRetry (src/lib/market-data/providers/YahooFinanceProvider.ts:353:17)
      at async YahooFinanceProvider.getCurrentPrice (src/lib/market-data/providers/YahooFinanceProvider.ts:121:24)
      at async YahooFinanceProvider.performHealthCheck (src/lib/market-data/providers/YahooFinanceProvider.ts:409:7)
    351 |         
    352 |         if (!response.ok) {
  > 353 |           throw new Error(`HTTP ${response.status}: ${response.statusText}`);
        |                 ^
    354 |         }
    355 |         
    356 |         const data = await response.json();
}
Yahoo Finance health check failed: Error [MarketDataError]: Failed after retries
    at YahooFinanceProvider.fetchWithRetry (src/lib/market-data/providers/YahooFinanceProvider.ts:377:11)
    at async YahooFinanceProvider.getCurrentPrice (src/lib/market-data/providers/YahooFinanceProvider.ts:121:24)
    at async YahooFinanceProvider.performHealthCheck (src/lib/market-data/providers/YahooFinanceProvider.ts:409:7)
  375 |     }
  376 |     
> 377 |     throw new MarketDataError(
      |           ^
  378 |       'Failed after retries',
  379 |       MarketDataErrorCode.NETWORK_ERROR,
  380 |       this.name, {
  code: 'NETWORK_ERROR',
  provider: 'Yahoo Finance',
  details: Error: HTTP 500: Cannot find server.
      at YahooFinanceProvider.fetchWithRetry (src/lib/market-data/providers/YahooFinanceProvider.ts:353:17)
      at async YahooFinanceProvider.getCurrentPrice (src/lib/market-data/providers/YahooFinanceProvider.ts:121:24)
      at async YahooFinanceProvider.performHealthCheck (src/lib/market-data/providers/YahooFinanceProvider.ts:409:7)
    351 |         
    352 |         if (!response.ok) {
  > 353 |           throw new Error(`HTTP ${response.status}: ${response.statusText}`);
        |                 ^
    354 |         }
    355 |         
    356 |         const data = await response.json();
}
Failed to fetch bulk prices for chunk: AAPL,MSFT,GOOGL,AMZN,META,NVDA,TSLA,JPM,BAC,WFC,GS,MS,BRK-B,V,MA,JNJ,UNH,PFE,ABBV,TMO,MRK,LLY,XOM,CVX,COP,SLB,EOG,WMT,HD,PG,KO,PEP,NKE,MCD,SBUX,BA,CAT,GE,MMM,UPS,HON,AMD,INTC,QCOM,MU,AVGO,TXN,AMAT,LRCX,CRM,ADBE,ORCL,NOW,INTU,UBER,SQ,SHOP,DIS,NFLX,ROKU,SPOT,PYPL,COIN,PLTR,SOFI,RIVN,LCID Error [MarketDataError]: Failed after retries
    at YahooFinanceProvider.fetchWithRetry (src/lib/market-data/providers/YahooFinanceProvider.ts:377:11)
    at async YahooFinanceProvider.getBulkPrices (src/lib/market-data/providers/YahooFinanceProvider.ts:169:26)
    at async MarketDataService.fetchWithFallback (src/lib/market-data/MarketDataService.ts:336:16)
    at async MarketDataService.getBulkPrices (src/lib/market-data/MarketDataService.ts:149:27)
    at async GET (src/app/api/market-data/screener/route.ts:44:23)
  375 |     }
  376 |     
> 377 |     throw new MarketDataError(
      |           ^
  378 |       'Failed after retries',
  379 |       MarketDataErrorCode.NETWORK_ERROR,
  380 |       this.name, {
  code: 'NETWORK_ERROR',
  provider: 'Yahoo Finance',
  details: Error: HTTP 500: Cannot find server.
      at YahooFinanceProvider.fetchWithRetry (src/lib/market-data/providers/YahooFinanceProvider.ts:353:17)
      at async YahooFinanceProvider.getBulkPrices (src/lib/market-data/providers/YahooFinanceProvider.ts:169:26)
      at async MarketDataService.fetchWithFallback (src/lib/market-data/MarketDataService.ts:336:16)
      at async MarketDataService.getBulkPrices (src/lib/market-data/MarketDataService.ts:149:27)
      at async GET (src/app/api/market-data/screener/route.ts:44:23)
    351 |         
    352 |         if (!response.ok) {
  > 353 |           throw new Error(`HTTP ${response.status}: ${response.statusText}`);
        |                 ^
    354 |         }
    355 |         
    356 |         const data = await response.json();
}
Yahoo Finance health check failed: Error [MarketDataError]: Failed after retries
    at YahooFinanceProvider.fetchWithRetry (src/lib/market-data/providers/YahooFinanceProvider.ts:377:11)
    at async YahooFinanceProvider.getCurrentPrice (src/lib/market-data/providers/YahooFinanceProvider.ts:121:24)
    at async YahooFinanceProvider.performHealthCheck (src/lib/market-data/providers/YahooFinanceProvider.ts:409:7)
  375 |     }
  376 |     
> 377 |     throw new MarketDataError(
      |           ^
  378 |       'Failed after retries',
  379 |       MarketDataErrorCode.NETWORK_ERROR,
  380 |       this.name, {
  code: 'NETWORK_ERROR',
  provider: 'Yahoo Finance',
  details: Error: HTTP 500: Cannot find server.
      at YahooFinanceProvider.fetchWithRetry (src/lib/market-data/providers/YahooFinanceProvider.ts:353:17)
      at async YahooFinanceProvider.getCurrentPrice (src/lib/market-data/providers/YahooFinanceProvider.ts:121:24)
      at async YahooFinanceProvider.performHealthCheck (src/lib/market-data/providers/YahooFinanceProvider.ts:409:7)
    351 |         
    352 |         if (!response.ok) {
  > 353 |           throw new Error(`HTTP ${response.status}: ${response.statusText}`);
        |                 ^
    354 |         }
    355 |         
    356 |         const data = await response.json();
}
Yahoo Finance health check failed: Error [MarketDataError]: Failed after retries
    at YahooFinanceProvider.fetchWithRetry (src/lib/market-data/providers/YahooFinanceProvider.ts:377:11)
    at async YahooFinanceProvider.getCurrentPrice (src/lib/market-data/providers/YahooFinanceProvider.ts:121:24)
    at async YahooFinanceProvider.performHealthCheck (src/lib/market-data/providers/YahooFinanceProvider.ts:409:7)
    at async YahooFinanceProvider.initialize (src/lib/market-data/providers/YahooFinanceProvider.ts:101:5)
    at async MarketDataService.initializeProviders (src/lib/market-data/MarketDataService.ts:312:5)
    at async MarketDataService.initialize (src/lib/market-data/MarketDataService.ts:67:5)
    at async GET (src/app/api/market-data/screener/route.ts:41:5)
  375 |     }
  376 |     
> 377 |     throw new MarketDataError(
      |           ^
  378 |       'Failed after retries',
  379 |       MarketDataErrorCode.NETWORK_ERROR,
  380 |       this.name, {
  code: 'NETWORK_ERROR',
  provider: 'Yahoo Finance',
  details: Error: HTTP 500: Cannot find server.
      at YahooFinanceProvider.fetchWithRetry (src/lib/market-data/providers/YahooFinanceProvider.ts:353:17)
      at async YahooFinanceProvider.getCurrentPrice (src/lib/market-data/providers/YahooFinanceProvider.ts:121:24)
      at async YahooFinanceProvider.performHealthCheck (src/lib/market-data/providers/YahooFinanceProvider.ts:409:7)
      at async YahooFinanceProvider.initialize (src/lib/market-data/providers/YahooFinanceProvider.ts:101:5)
      at async MarketDataService.initializeProviders (src/lib/market-data/MarketDataService.ts:312:5)
      at async MarketDataService.initialize (src/lib/market-data/MarketDataService.ts:67:5)
      at async GET (src/app/api/market-data/screener/route.ts:41:5)
    351 |         
    352 |         if (!response.ok) {
  > 353 |           throw new Error(`HTTP ${response.status}: ${response.statusText}`);
        |                 ^
    354 |         }
    355 |         
    356 |         const data = await response.json();
}
Yahoo Finance health check failed: Error [MarketDataError]: Failed after retries
    at YahooFinanceProvider.fetchWithRetry (src/lib/market-data/providers/YahooFinanceProvider.ts:377:11)
    at async YahooFinanceProvider.getCurrentPrice (src/lib/market-data/providers/YahooFinanceProvider.ts:121:24)
    at async YahooFinanceProvider.performHealthCheck (src/lib/market-data/providers/YahooFinanceProvider.ts:409:7)
  375 |     }
  376 |     
> 377 |     throw new MarketDataError(
      |           ^
  378 |       'Failed after retries',
  379 |       MarketDataErrorCode.NETWORK_ERROR,
  380 |       this.name, {
  code: 'NETWORK_ERROR',
  provider: 'Yahoo Finance',
  details: Error: HTTP 500: Cannot find server.
      at YahooFinanceProvider.fetchWithRetry (src/lib/market-data/providers/YahooFinanceProvider.ts:353:17)
      at async YahooFinanceProvider.getCurrentPrice (src/lib/market-data/providers/YahooFinanceProvider.ts:121:24)
      at async YahooFinanceProvider.performHealthCheck (src/lib/market-data/providers/YahooFinanceProvider.ts:409:7)
    351 |         
    352 |         if (!response.ok) {
  > 353 |           throw new Error(`HTTP ${response.status}: ${response.statusText}`);
        |                 ^
    354 |         }
    355 |         
    356 |         const data = await response.json();
}
Yahoo Finance health check failed: Error [MarketDataError]: Failed after retries
    at YahooFinanceProvider.fetchWithRetry (src/lib/market-data/providers/YahooFinanceProvider.ts:377:11)
    at async YahooFinanceProvider.getCurrentPrice (src/lib/market-data/providers/YahooFinanceProvider.ts:121:24)
    at async YahooFinanceProvider.performHealthCheck (src/lib/market-data/providers/YahooFinanceProvider.ts:409:7)
  375 |     }
  376 |     
> 377 |     throw new MarketDataError(
      |           ^
  378 |       'Failed after retries',
  379 |       MarketDataErrorCode.NETWORK_ERROR,
  380 |       this.name, {
  code: 'NETWORK_ERROR',
  provider: 'Yahoo Finance',
  details: Error: HTTP 500: Cannot find server.
      at YahooFinanceProvider.fetchWithRetry (src/lib/market-data/providers/YahooFinanceProvider.ts:353:17)
      at async YahooFinanceProvider.getCurrentPrice (src/lib/market-data/providers/YahooFinanceProvider.ts:121:24)
      at async YahooFinanceProvider.performHealthCheck (src/lib/market-data/providers/YahooFinanceProvider.ts:409:7)
    351 |         
    352 |         if (!response.ok) {
  > 353 |           throw new Error(`HTTP ${response.status}: ${response.statusText}`);
        |                 ^
    354 |         }
    355 |         
    356 |         const data = await response.json();
}
Yahoo Finance health check failed: Error [MarketDataError]: Failed after retries
    at YahooFinanceProvider.fetchWithRetry (src/lib/market-data/providers/YahooFinanceProvider.ts:377:11)
    at async YahooFinanceProvider.getCurrentPrice (src/lib/market-data/providers/YahooFinanceProvider.ts:121:24)
    at async YahooFinanceProvider.performHealthCheck (src/lib/market-data/providers/YahooFinanceProvider.ts:409:7)
  375 |     }
  376 |     
> 377 |     throw new MarketDataError(
      |           ^
  378 |       'Failed after retries',
  379 |       MarketDataErrorCode.NETWORK_ERROR,
  380 |       this.name, {
  code: 'NETWORK_ERROR',
  provider: 'Yahoo Finance',
  details: Error: HTTP 500: Cannot find server.
      at YahooFinanceProvider.fetchWithRetry (src/lib/market-data/providers/YahooFinanceProvider.ts:353:17)
      at async YahooFinanceProvider.getCurrentPrice (src/lib/market-data/providers/YahooFinanceProvider.ts:121:24)
      at async YahooFinanceProvider.performHealthCheck (src/lib/market-data/providers/YahooFinanceProvider.ts:409:7)
    351 |         
    352 |         if (!response.ok) {
  > 353 |           throw new Error(`HTTP ${response.status}: ${response.statusText}`);
        |                 ^
    354 |         }
    355 |         
    356 |         const data = await response.json();
}
Failed to fetch bulk prices for chunk: AAPL,MSFT,GOOGL,AMZN,META,NVDA,TSLA,JPM,BAC,WFC,GS,MS,BRK-B,V,MA,JNJ,UNH,PFE,ABBV,TMO,MRK,LLY,XOM,CVX,COP,SLB,EOG,WMT,HD,PG,KO,PEP,NKE,MCD,SBUX,BA,CAT,GE,MMM,UPS,HON,AMD,INTC,QCOM,MU,AVGO,TXN,AMAT,LRCX,CRM,ADBE,ORCL,NOW,INTU,UBER,SQ,SHOP,DIS,NFLX,ROKU,SPOT,PYPL,COIN,PLTR,SOFI,RIVN,LCID Error [MarketDataError]: Failed after retries
    at YahooFinanceProvider.fetchWithRetry (src/lib/market-data/providers/YahooFinanceProvider.ts:377:11)
    at async YahooFinanceProvider.getBulkPrices (src/lib/market-data/providers/YahooFinanceProvider.ts:169:26)
    at async MarketDataService.fetchWithFallback (src/lib/market-data/MarketDataService.ts:336:16)
    at async MarketDataService.getBulkPrices (src/lib/market-data/MarketDataService.ts:149:27)
    at async GET (src/app/api/market-data/screener/route.ts:44:23)
  375 |     }
  376 |     
> 377 |     throw new MarketDataError(
      |           ^
  378 |       'Failed after retries',
  379 |       MarketDataErrorCode.NETWORK_ERROR,
  380 |       this.name, {
  code: 'NETWORK_ERROR',
  provider: 'Yahoo Finance',
  details: Error: HTTP 500: Cannot find server.
      at YahooFinanceProvider.fetchWithRetry (src/lib/market-data/providers/YahooFinanceProvider.ts:353:17)
      at async YahooFinanceProvider.getBulkPrices (src/lib/market-data/providers/YahooFinanceProvider.ts:169:26)
      at async MarketDataService.fetchWithFallback (src/lib/market-data/MarketDataService.ts:336:16)
      at async MarketDataService.getBulkPrices (src/lib/market-data/MarketDataService.ts:149:27)
      at async GET (src/app/api/market-data/screener/route.ts:44:23)
    351 |         
    352 |         if (!response.ok) {
  > 353 |           throw new Error(`HTTP ${response.status}: ${response.statusText}`);
        |                 ^
    354 |         }
    355 |         
    356 |         const data = await response.json();
}
